app/build/intermediates/manifest_merge_blame_file/prodDebug/processProdDebugMainManifest/manifest-merger-blame-prod-debug-report.txt
1<?xml version="1.0" encoding="utf-8"?>
2<manifest xmlns:android="http://schemas.android.com/apk/res/android"
3    package="com.safar.app"
4    android:versionCode="1"
5    android:versionName="1.0" >
6
7    <uses-sdk
8        android:minSdkVersion="26"
9        android:targetSdkVersion="35" />
10
11    <uses-permission android:name="android.permission.INTERNET" />
11-->src/main/AndroidManifest.xml:4:5-67
11-->src/main/AndroidManifest.xml:4:22-64
12    <uses-permission android:name="android.permission.WAKE_LOCK" />
12-->[androidx.work:work-runtime:2.9.1] AndroidManifest.xml:23:5-68
12-->[androidx.work:work-runtime:2.9.1] AndroidManifest.xml:23:22-65
13    <uses-permission android:name="android.permission.ACCESS_NETWORK_STATE" />
13-->[androidx.work:work-runtime:2.9.1] AndroidManifest.xml:24:5-79
13-->[androidx.work:work-runtime:2.9.1] AndroidManifest.xml:24:22-76
14    <uses-permission android:name="android.permission.RECEIVE_BOOT_COMPLETED" />
14-->[androidx.work:work-runtime:2.9.1] AndroidManifest.xml:25:5-81
14-->[androidx.work:work-runtime:2.9.1] AndroidManifest.xml:25:22-78
15    <uses-permission android:name="android.permission.FOREGROUND_SERVICE" />
15-->[androidx.work:work-runtime:2.9.1] AndroidManifest.xml:26:5-77
15-->[androidx.work:work-runtime:2.9.1] AndroidManifest.xml:26:22-74
16    <uses-permission android:name="android.permission.POST_NOTIFICATIONS" /> <!-- Required by older versions of Google Play services to create IID tokens -->
16-->[com.google.firebase:firebase-messaging:24.0.3] AndroidManifest.xml:23:5-77
16-->[com.google.firebase:firebase-messaging:24.0.3] AndroidManifest.xml:23:22-74
17    <uses-permission android:name="com.google.android.c2dm.permission.RECEIVE" />
17-->[com.google.firebase:firebase-messaging:24.0.3] AndroidManifest.xml:26:5-82
17-->[com.google.firebase:firebase-messaging:24.0.3] AndroidManifest.xml:26:22-79
18
19    <permission
19-->[androidx.core:core:1.13.1] AndroidManifest.xml:22:5-24:47
20        android:name="com.safar.app.DYNAMIC_RECEIVER_NOT_EXPORTED_PERMISSION"
20-->[androidx.core:core:1.13.1] AndroidManifest.xml:23:9-81
21        android:protectionLevel="signature" />
21-->[androidx.core:core:1.13.1] AndroidManifest.xml:24:9-44
22
23    <uses-permission android:name="com.safar.app.DYNAMIC_RECEIVER_NOT_EXPORTED_PERMISSION" />
23-->[androidx.core:core:1.13.1] AndroidManifest.xml:26:5-97
23-->[androidx.core:core:1.13.1] AndroidManifest.xml:26:22-94
24
25    <application
25-->src/main/AndroidManifest.xml:6:5-28:19
26        android:name="com.safar.app.SafarApplication"
26-->src/main/AndroidManifest.xml:7:9-41
27        android:allowBackup="true"
27-->src/main/AndroidManifest.xml:8:9-35
28        android:appComponentFactory="androidx.core.app.CoreComponentFactory"
28-->[androidx.core:core:1.13.1] AndroidManifest.xml:28:18-86
29        android:debuggable="true"
30        android:extractNativeLibs="false"
31        android:hardwareAccelerated="true"
31-->src/main/AndroidManifest.xml:14:9-43
32        android:icon="@mipmap/ic_launcher"
32-->src/main/AndroidManifest.xml:9:9-43
33        android:label="@string/app_name"
33-->src/main/AndroidManifest.xml:10:9-41
34        android:roundIcon="@mipmap/ic_launcher_round"
34-->src/main/AndroidManifest.xml:11:9-54
35        android:supportsRtl="true"
35-->src/main/AndroidManifest.xml:12:9-35
36        android:testOnly="true"
37        android:theme="@style/Theme.Safar" >
37-->src/main/AndroidManifest.xml:13:9-43
38        <activity
38-->src/main/AndroidManifest.xml:16:9-26:20
39            android:name="com.safar.app.MainActivity"
39-->src/main/AndroidManifest.xml:17:13-41
40            android:configChanges="screenSize|smallestScreenSize|screenLayout|orientation"
40-->src/main/AndroidManifest.xml:21:13-91
41            android:exported="true"
41-->src/main/AndroidManifest.xml:18:13-36
42            android:supportsPictureInPicture="true"
42-->src/main/AndroidManifest.xml:20:13-52
43            android:windowSoftInputMode="adjustResize" >
43-->src/main/AndroidManifest.xml:19:13-55
44            <intent-filter>
44-->src/main/AndroidManifest.xml:22:13-25:29
45                <action android:name="android.intent.action.MAIN" />
45-->src/main/AndroidManifest.xml:23:17-69
45-->src/main/AndroidManifest.xml:23:25-66
46
47                <category android:name="android.intent.category.LAUNCHER" />
47-->src/main/AndroidManifest.xml:24:17-77
47-->src/main/AndroidManifest.xml:24:27-74
48            </intent-filter>
49        </activity>
50
51        <provider
51-->[androidx.work:work-runtime:2.9.1] AndroidManifest.xml:29:9-37:20
52            android:name="androidx.startup.InitializationProvider"
52-->[androidx.work:work-runtime:2.9.1] AndroidManifest.xml:30:13-67
53            android:authorities="com.safar.app.androidx-startup"
53-->[androidx.work:work-runtime:2.9.1] AndroidManifest.xml:31:13-68
54            android:exported="false" >
54-->[androidx.work:work-runtime:2.9.1] AndroidManifest.xml:32:13-37
55            <meta-data
55-->[androidx.work:work-runtime:2.9.1] AndroidManifest.xml:34:13-36:52
56                android:name="androidx.work.WorkManagerInitializer"
56-->[androidx.work:work-runtime:2.9.1] AndroidManifest.xml:35:17-68
57                android:value="androidx.startup" />
57-->[androidx.work:work-runtime:2.9.1] AndroidManifest.xml:36:17-49
58            <meta-data
58-->[androidx.emoji2:emoji2:1.3.0] AndroidManifest.xml:29:13-31:52
59                android:name="androidx.emoji2.text.EmojiCompatInitializer"
59-->[androidx.emoji2:emoji2:1.3.0] AndroidManifest.xml:30:17-75
60                android:value="androidx.startup" />
60-->[androidx.emoji2:emoji2:1.3.0] AndroidManifest.xml:31:17-49
61            <meta-data
61-->[androidx.lifecycle:lifecycle-process:2.8.6] AndroidManifest.xml:29:13-31:52
62                android:name="androidx.lifecycle.ProcessLifecycleInitializer"
62-->[androidx.lifecycle:lifecycle-process:2.8.6] AndroidManifest.xml:30:17-78
63                android:value="androidx.startup" />
63-->[androidx.lifecycle:lifecycle-process:2.8.6] AndroidManifest.xml:31:17-49
64            <meta-data
64-->[androidx.profileinstaller:profileinstaller:1.3.1] AndroidManifest.xml:29:13-31:52
65                android:name="androidx.profileinstaller.ProfileInstallerInitializer"
65-->[androidx.profileinstaller:profileinstaller:1.3.1] AndroidManifest.xml:30:17-85
66                android:value="androidx.startup" />
66-->[androidx.profileinstaller:profileinstaller:1.3.1] AndroidManifest.xml:31:17-49
67        </provider>
68
69        <service
69-->[androidx.work:work-runtime:2.9.1] AndroidManifest.xml:39:9-45:35
70            android:name="androidx.work.impl.background.systemalarm.SystemAlarmService"
70-->[androidx.work:work-runtime:2.9.1] AndroidManifest.xml:40:13-88
71            android:directBootAware="false"
71-->[androidx.work:work-runtime:2.9.1] AndroidManifest.xml:41:13-44
72            android:enabled="@bool/enable_system_alarm_service_default"
72-->[androidx.work:work-runtime:2.9.1] AndroidManifest.xml:42:13-72
73            android:exported="false" />
73-->[androidx.work:work-runtime:2.9.1] AndroidManifest.xml:43:13-37
74        <service
74-->[androidx.work:work-runtime:2.9.1] AndroidManifest.xml:46:9-52:35
75            android:name="androidx.work.impl.background.systemjob.SystemJobService"
75-->[androidx.work:work-runtime:2.9.1] AndroidManifest.xml:47:13-84
76            android:directBootAware="false"
76-->[androidx.work:work-runtime:2.9.1] AndroidManifest.xml:48:13-44
77            android:enabled="@bool/enable_system_job_service_default"
77-->[androidx.work:work-runtime:2.9.1] AndroidManifest.xml:49:13-70
78            android:exported="true"
78-->[androidx.work:work-runtime:2.9.1] AndroidManifest.xml:50:13-36
79            android:permission="android.permission.BIND_JOB_SERVICE" />
79-->[androidx.work:work-runtime:2.9.1] AndroidManifest.xml:51:13-69
80        <service
80-->[androidx.work:work-runtime:2.9.1] AndroidManifest.xml:53:9-59:35
81            android:name="androidx.work.impl.foreground.SystemForegroundService"
81-->[androidx.work:work-runtime:2.9.1] AndroidManifest.xml:54:13-81
82            android:directBootAware="false"
82-->[androidx.work:work-runtime:2.9.1] AndroidManifest.xml:55:13-44
83            android:enabled="@bool/enable_system_foreground_service_default"
83-->[androidx.work:work-runtime:2.9.1] AndroidManifest.xml:56:13-77
84            android:exported="false" />
84-->[androidx.work:work-runtime:2.9.1] AndroidManifest.xml:57:13-37
85
86        <receiver
86-->[androidx.work:work-runtime:2.9.1] AndroidManifest.xml:61:9-66:35
87            android:name="androidx.work.impl.utils.ForceStopRunnable$BroadcastReceiver"
87-->[androidx.work:work-runtime:2.9.1] AndroidManifest.xml:62:13-88
88            android:directBootAware="false"
88-->[androidx.work:work-runtime:2.9.1] AndroidManifest.xml:63:13-44
89            android:enabled="true"
89-->[androidx.work:work-runtime:2.9.1] AndroidManifest.xml:64:13-35
90            android:exported="false" />
90-->[androidx.work:work-runtime:2.9.1] AndroidManifest.xml:65:13-37
91        <receiver
91-->[androidx.work:work-runtime:2.9.1] AndroidManifest.xml:67:9-77:20
92            android:name="androidx.work.impl.background.systemalarm.ConstraintProxy$BatteryChargingProxy"
92-->[androidx.work:work-runtime:2.9.1] AndroidManifest.xml:68:13-106
93            android:directBootAware="false"
93-->[androidx.work:work-runtime:2.9.1] AndroidManifest.xml:69:13-44
94            android:enabled="false"
94-->[androidx.work:work-runtime:2.9.1] AndroidManifest.xml:70:13-36
95            android:exported="false" >
95-->[androidx.work:work-runtime:2.9.1] AndroidManifest.xml:71:13-37
96            <intent-filter>
96-->[androidx.work:work-runtime:2.9.1] AndroidManifest.xml:73:13-76:29
97                <action android:name="android.intent.action.ACTION_POWER_CONNECTED" />
97-->[androidx.work:work-runtime:2.9.1] AndroidManifest.xml:74:17-87
97-->[androidx.work:work-runtime:2.9.1] AndroidManifest.xml:74:25-84
98                <action android:name="android.intent.action.ACTION_POWER_DISCONNECTED" />
98-->[androidx.work:work-runtime:2.9.1] AndroidManifest.xml:75:17-90
98-->[androidx.work:work-runtime:2.9.1] AndroidManifest.xml:75:25-87
99            </intent-filter>
100        </receiver>
101        <receiver
101-->[androidx.work:work-runtime:2.9.1] AndroidManifest.xml:78:9-88:20
102            android:name="androidx.work.impl.background.systemalarm.ConstraintProxy$BatteryNotLowProxy"
102-->[androidx.work:work-runtime:2.9.1] AndroidManifest.xml:79:13-104
103            android:directBootAware="false"
103-->[androidx.work:work-runtime:2.9.1] AndroidManifest.xml:80:13-44
104            android:enabled="false"
104-->[androidx.work:work-runtime:2.9.1] AndroidManifest.xml:81:13-36
105            android:exported="false" >
105-->[androidx.work:work-runtime:2.9.1] AndroidManifest.xml:82:13-37
106            <intent-filter>
106-->[androidx.work:work-runtime:2.9.1] AndroidManifest.xml:84:13-87:29
107                <action android:name="android.intent.action.BATTERY_OKAY" />
107-->[androidx.work:work-runtime:2.9.1] AndroidManifest.xml:85:17-77
107-->[androidx.work:work-runtime:2.9.1] AndroidManifest.xml:85:25-74
108                <action android:name="android.intent.action.BATTERY_LOW" />
108-->[androidx.work:work-runtime:2.9.1] AndroidManifest.xml:86:17-76
108-->[androidx.work:work-runtime:2.9.1] AndroidManifest.xml:86:25-73
109            </intent-filter>
110        </receiver>
111        <receiver
111-->[androidx.work:work-runtime:2.9.1] AndroidManifest.xml:89:9-99:20
112            android:name="androidx.work.impl.background.systemalarm.ConstraintProxy$StorageNotLowProxy"
112-->[androidx.work:work-runtime:2.9.1] AndroidManifest.xml:90:13-104
113            android:directBootAware="false"
113-->[androidx.work:work-runtime:2.9.1] AndroidManifest.xml:91:13-44
114            android:enabled="false"
114-->[androidx.work:work-runtime:2.9.1] AndroidManifest.xml:92:13-36
115            android:exported="false" >
115-->[androidx.work:work-runtime:2.9.1] AndroidManifest.xml:93:13-37
116            <intent-filter>
116-->[androidx.work:work-runtime:2.9.1] AndroidManifest.xml:95:13-98:29
117                <action android:name="android.intent.action.DEVICE_STORAGE_LOW" />
117-->[androidx.work:work-runtime:2.9.1] AndroidManifest.xml:96:17-83
117-->[androidx.work:work-runtime:2.9.1] AndroidManifest.xml:96:25-80
118                <action android:name="android.intent.action.DEVICE_STORAGE_OK" />
118-->[androidx.work:work-runtime:2.9.1] AndroidManifest.xml:97:17-82
118-->[androidx.work:work-runtime:2.9.1] AndroidManifest.xml:97:25-79
119            </intent-filter>
120        </receiver>
121        <receiver
121-->[androidx.work:work-runtime:2.9.1] AndroidManifest.xml:100:9-109:20
122            android:name="androidx.work.impl.background.systemalarm.ConstraintProxy$NetworkStateProxy"
122-->[androidx.work:work-runtime:2.9.1] AndroidManifest.xml:101:13-103
123            android:directBootAware="false"
123-->[androidx.work:work-runtime:2.9.1] AndroidManifest.xml:102:13-44
124            android:enabled="false"
124-->[androidx.work:work-runtime:2.9.1] AndroidManifest.xml:103:13-36
125            android:exported="false" >
125-->[androidx.work:work-runtime:2.9.1] AndroidManifest.xml:104:13-37
126            <intent-filter>
126-->[androidx.work:work-runtime:2.9.1] AndroidManifest.xml:106:13-108:29
127                <action android:name="android.net.conn.CONNECTIVITY_CHANGE" />
127-->[androidx.work:work-runtime:2.9.1] AndroidManifest.xml:107:17-79
127-->[androidx.work:work-runtime:2.9.1] AndroidManifest.xml:107:25-76
128            </intent-filter>
129        </receiver>
130        <receiver
130-->[androidx.work:work-runtime:2.9.1] AndroidManifest.xml:110:9-121:20
131            android:name="androidx.work.impl.background.systemalarm.RescheduleReceiver"
131-->[androidx.work:work-runtime:2.9.1] AndroidManifest.xml:111:13-88
132            android:directBootAware="false"
132-->[androidx.work:work-runtime:2.9.1] AndroidManifest.xml:112:13-44
133            android:enabled="false"
133-->[androidx.work:work-runtime:2.9.1] AndroidManifest.xml:113:13-36
134            android:exported="false" >
134-->[androidx.work:work-runtime:2.9.1] AndroidManifest.xml:114:13-37
135            <intent-filter>
135-->[androidx.work:work-runtime:2.9.1] AndroidManifest.xml:116:13-120:29
136                <action android:name="android.intent.action.BOOT_COMPLETED" />
136-->[androidx.work:work-runtime:2.9.1] AndroidManifest.xml:117:17-79
136-->[androidx.work:work-runtime:2.9.1] AndroidManifest.xml:117:25-76
137                <action android:name="android.intent.action.TIME_SET" />
137-->[androidx.work:work-runtime:2.9.1] AndroidManifest.xml:118:17-73
137-->[androidx.work:work-runtime:2.9.1] AndroidManifest.xml:118:25-70
138                <action android:name="android.intent.action.TIMEZONE_CHANGED" />
138-->[androidx.work:work-runtime:2.9.1] AndroidManifest.xml:119:17-81
138-->[androidx.work:work-runtime:2.9.1] AndroidManifest.xml:119:25-78
139            </intent-filter>
140        </receiver>
141        <receiver
141-->[androidx.work:work-runtime:2.9.1] AndroidManifest.xml:122:9-131:20
142            android:name="androidx.work.impl.background.systemalarm.ConstraintProxyUpdateReceiver"
142-->[androidx.work:work-runtime:2.9.1] AndroidManifest.xml:123:13-99
143            android:directBootAware="false"
143-->[androidx.work:work-runtime:2.9.1] AndroidManifest.xml:124:13-44
144            android:enabled="@bool/enable_system_alarm_service_default"
144-->[androidx.work:work-runtime:2.9.1] AndroidManifest.xml:125:13-72
145            android:exported="false" >
145-->[androidx.work:work-runtime:2.9.1] AndroidManifest.xml:126:13-37
146            <intent-filter>
146-->[androidx.work:work-runtime:2.9.1] AndroidManifest.xml:128:13-130:29
147                <action android:name="androidx.work.impl.background.systemalarm.UpdateProxies" />
147-->[androidx.work:work-runtime:2.9.1] AndroidManifest.xml:129:17-98
147-->[androidx.work:work-runtime:2.9.1] AndroidManifest.xml:129:25-95
148            </intent-filter>
149        </receiver>
150        <receiver
150-->[androidx.work:work-runtime:2.9.1] AndroidManifest.xml:132:9-142:20
151            android:name="androidx.work.impl.diagnostics.DiagnosticsReceiver"
151-->[androidx.work:work-runtime:2.9.1] AndroidManifest.xml:133:13-78
152            android:directBootAware="false"
152-->[androidx.work:work-runtime:2.9.1] AndroidManifest.xml:134:13-44
153            android:enabled="true"
153-->[androidx.work:work-runtime:2.9.1] AndroidManifest.xml:135:13-35
154            android:exported="true"
154-->[androidx.work:work-runtime:2.9.1] AndroidManifest.xml:136:13-36
155            android:permission="android.permission.DUMP" >
155-->[androidx.work:work-runtime:2.9.1] AndroidManifest.xml:137:13-57
156            <intent-filter>
156-->[androidx.work:work-runtime:2.9.1] AndroidManifest.xml:139:13-141:29
157                <action android:name="androidx.work.diagnostics.REQUEST_DIAGNOSTICS" />
157-->[androidx.work:work-runtime:2.9.1] AndroidManifest.xml:140:17-88
157-->[androidx.work:work-runtime:2.9.1] AndroidManifest.xml:140:25-85
158            </intent-filter>
159        </receiver>
160
161        <service
161-->[com.google.firebase:firebase-messaging-ktx:24.0.3] AndroidManifest.xml:23:9-29:19
162            android:name="com.google.firebase.components.ComponentDiscoveryService"
162-->[com.google.firebase:firebase-messaging-ktx:24.0.3] AndroidManifest.xml:24:13-84
163            android:directBootAware="true"
163-->[com.google.firebase:firebase-common:21.0.0] AndroidManifest.xml:32:13-43
164            android:exported="false" >
164-->[com.google.firebase:firebase-messaging-ktx:24.0.3] AndroidManifest.xml:25:13-37
165            <meta-data
165-->[com.google.firebase:firebase-messaging-ktx:24.0.3] AndroidManifest.xml:26:13-28:85
166                android:name="com.google.firebase.components:com.google.firebase.messaging.ktx.FirebaseMessagingLegacyRegistrar"
166-->[com.google.firebase:firebase-messaging-ktx:24.0.3] AndroidManifest.xml:27:17-129
167                android:value="com.google.firebase.components.ComponentRegistrar" />
167-->[com.google.firebase:firebase-messaging-ktx:24.0.3] AndroidManifest.xml:28:17-82
168            <meta-data
168-->[com.google.firebase:firebase-messaging:24.0.3] AndroidManifest.xml:57:13-59:85
169                android:name="com.google.firebase.components:com.google.firebase.messaging.FirebaseMessagingKtxRegistrar"
169-->[com.google.firebase:firebase-messaging:24.0.3] AndroidManifest.xml:58:17-122
170                android:value="com.google.firebase.components.ComponentRegistrar" />
170-->[com.google.firebase:firebase-messaging:24.0.3] AndroidManifest.xml:59:17-82
171            <meta-data
171-->[com.google.firebase:firebase-messaging:24.0.3] AndroidManifest.xml:60:13-62:85
172                android:name="com.google.firebase.components:com.google.firebase.messaging.FirebaseMessagingRegistrar"
172-->[com.google.firebase:firebase-messaging:24.0.3] AndroidManifest.xml:61:17-119
173                android:value="com.google.firebase.components.ComponentRegistrar" />
173-->[com.google.firebase:firebase-messaging:24.0.3] AndroidManifest.xml:62:17-82
174            <meta-data
174-->[com.google.firebase:firebase-installations:17.2.0] AndroidManifest.xml:15:13-17:85
175                android:name="com.google.firebase.components:com.google.firebase.installations.FirebaseInstallationsKtxRegistrar"
175-->[com.google.firebase:firebase-installations:17.2.0] AndroidManifest.xml:16:17-130
176                android:value="com.google.firebase.components.ComponentRegistrar" />
176-->[com.google.firebase:firebase-installations:17.2.0] AndroidManifest.xml:17:17-82
177            <meta-data
177-->[com.google.firebase:firebase-installations:17.2.0] AndroidManifest.xml:18:13-20:85
178                android:name="com.google.firebase.components:com.google.firebase.installations.FirebaseInstallationsRegistrar"
178-->[com.google.firebase:firebase-installations:17.2.0] AndroidManifest.xml:19:17-127
179                android:value="com.google.firebase.components.ComponentRegistrar" />
179-->[com.google.firebase:firebase-installations:17.2.0] AndroidManifest.xml:20:17-82
180            <meta-data
180-->[com.google.firebase:firebase-common-ktx:21.0.0] AndroidManifest.xml:12:13-14:85
181                android:name="com.google.firebase.components:com.google.firebase.ktx.FirebaseCommonLegacyRegistrar"
181-->[com.google.firebase:firebase-common-ktx:21.0.0] AndroidManifest.xml:13:17-116
182                android:value="com.google.firebase.components.ComponentRegistrar" />
182-->[com.google.firebase:firebase-common-ktx:21.0.0] AndroidManifest.xml:14:17-82
183            <meta-data
183-->[com.google.firebase:firebase-common:21.0.0] AndroidManifest.xml:35:13-37:85
184                android:name="com.google.firebase.components:com.google.firebase.FirebaseCommonKtxRegistrar"
184-->[com.google.firebase:firebase-common:21.0.0] AndroidManifest.xml:36:17-109
185                android:value="com.google.firebase.components.ComponentRegistrar" />
185-->[com.google.firebase:firebase-common:21.0.0] AndroidManifest.xml:37:17-82
186            <meta-data
186-->[com.google.firebase:firebase-datatransport:18.2.0] AndroidManifest.xml:25:13-27:85
187                android:name="com.google.firebase.components:com.google.firebase.datatransport.TransportRegistrar"
187-->[com.google.firebase:firebase-datatransport:18.2.0] AndroidManifest.xml:26:17-115
188                android:value="com.google.firebase.components.ComponentRegistrar" />
188-->[com.google.firebase:firebase-datatransport:18.2.0] AndroidManifest.xml:27:17-82
189        </service>
190
191        <receiver
191-->[com.google.firebase:firebase-messaging:24.0.3] AndroidManifest.xml:29:9-40:20
192            android:name="com.google.firebase.iid.FirebaseInstanceIdReceiver"
192-->[com.google.firebase:firebase-messaging:24.0.3] AndroidManifest.xml:30:13-78
193            android:exported="true"
193-->[com.google.firebase:firebase-messaging:24.0.3] AndroidManifest.xml:31:13-36
194            android:permission="com.google.android.c2dm.permission.SEND" >
194-->[com.google.firebase:firebase-messaging:24.0.3] AndroidManifest.xml:32:13-73
195            <intent-filter>
195-->[com.google.firebase:firebase-messaging:24.0.3] AndroidManifest.xml:33:13-35:29
196                <action android:name="com.google.android.c2dm.intent.RECEIVE" />
196-->[com.google.firebase:firebase-messaging:24.0.3] AndroidManifest.xml:34:17-81
196-->[com.google.firebase:firebase-messaging:24.0.3] AndroidManifest.xml:34:25-78
197            </intent-filter>
198
199            <meta-data
199-->[com.google.firebase:firebase-messaging:24.0.3] AndroidManifest.xml:37:13-39:40
200                android:name="com.google.android.gms.cloudmessaging.FINISHED_AFTER_HANDLED"
200-->[com.google.firebase:firebase-messaging:24.0.3] AndroidManifest.xml:38:17-92
201                android:value="true" />
201-->[com.google.firebase:firebase-messaging:24.0.3] AndroidManifest.xml:39:17-37
202        </receiver>
203        <!--
204             FirebaseMessagingService performs security checks at runtime,
205             but set to not exported to explicitly avoid allowing another app to call it.
206        -->
207        <service
207-->[com.google.firebase:firebase-messaging:24.0.3] AndroidManifest.xml:46:9-53:19
208            android:name="com.google.firebase.messaging.FirebaseMessagingService"
208-->[com.google.firebase:firebase-messaging:24.0.3] AndroidManifest.xml:47:13-82
209            android:directBootAware="true"
209-->[com.google.firebase:firebase-messaging:24.0.3] AndroidManifest.xml:48:13-43
210            android:exported="false" >
210-->[com.google.firebase:firebase-messaging:24.0.3] AndroidManifest.xml:49:13-37
211            <intent-filter android:priority="-500" >
211-->[com.google.firebase:firebase-messaging:24.0.3] AndroidManifest.xml:50:13-52:29
211-->[com.google.firebase:firebase-messaging:24.0.3] AndroidManifest.xml:50:28-51
212                <action android:name="com.google.firebase.MESSAGING_EVENT" />
212-->[com.google.firebase:firebase-messaging:24.0.3] AndroidManifest.xml:51:17-78
212-->[com.google.firebase:firebase-messaging:24.0.3] AndroidManifest.xml:51:25-75
213            </intent-filter>
214        </service>
215
216        <activity
216-->[com.google.android.gms:play-services-base:18.0.1] AndroidManifest.xml:20:9-22:45
217            android:name="com.google.android.gms.common.api.GoogleApiActivity"
217-->[com.google.android.gms:play-services-base:18.0.1] AndroidManifest.xml:20:19-85
218            android:exported="false"
218-->[com.google.android.gms:play-services-base:18.0.1] AndroidManifest.xml:22:19-43
219            android:theme="@android:style/Theme.Translucent.NoTitleBar" />
219-->[com.google.android.gms:play-services-base:18.0.1] AndroidManifest.xml:21:19-78
220
221        <provider
221-->[com.google.firebase:firebase-common:21.0.0] AndroidManifest.xml:23:9-28:39
222            android:name="com.google.firebase.provider.FirebaseInitProvider"
222-->[com.google.firebase:firebase-common:21.0.0] AndroidManifest.xml:24:13-77
223            android:authorities="com.safar.app.firebaseinitprovider"
223-->[com.google.firebase:firebase-common:21.0.0] AndroidManifest.xml:25:13-72
224            android:directBootAware="true"
224-->[com.google.firebase:firebase-common:21.0.0] AndroidManifest.xml:26:13-43
225            android:exported="false"
225-->[com.google.firebase:firebase-common:21.0.0] AndroidManifest.xml:27:13-37
226            android:initOrder="100" />
226-->[com.google.firebase:firebase-common:21.0.0] AndroidManifest.xml:28:13-36
227
228        <service
228-->[androidx.room:room-runtime:2.6.1] AndroidManifest.xml:24:9-28:63
229            android:name="androidx.room.MultiInstanceInvalidationService"
229-->[androidx.room:room-runtime:2.6.1] AndroidManifest.xml:25:13-74
230            android:directBootAware="true"
230-->[androidx.room:room-runtime:2.6.1] AndroidManifest.xml:26:13-43
231            android:exported="false" />
231-->[androidx.room:room-runtime:2.6.1] AndroidManifest.xml:27:13-37
232
233        <meta-data
233-->[com.google.android.gms:play-services-basement:18.3.0] AndroidManifest.xml:21:9-23:69
234            android:name="com.google.android.gms.version"
234-->[com.google.android.gms:play-services-basement:18.3.0] AndroidManifest.xml:22:13-58
235            android:value="@integer/google_play_services_version" />
235-->[com.google.android.gms:play-services-basement:18.3.0] AndroidManifest.xml:23:13-66
236
237        <activity
237-->[androidx.compose.ui:ui-test-manifest:1.7.5] AndroidManifest.xml:23:9-25:39
238            android:name="androidx.activity.ComponentActivity"
238-->[androidx.compose.ui:ui-test-manifest:1.7.5] AndroidManifest.xml:24:13-63
239            android:exported="true" />
239-->[androidx.compose.ui:ui-test-manifest:1.7.5] AndroidManifest.xml:25:13-36
240        <activity
240-->[androidx.compose.ui:ui-tooling-android:1.7.5] AndroidManifest.xml:23:9-25:39
241            android:name="androidx.compose.ui.tooling.PreviewActivity"
241-->[androidx.compose.ui:ui-tooling-android:1.7.5] AndroidManifest.xml:24:13-71
242            android:exported="true" />
242-->[androidx.compose.ui:ui-tooling-android:1.7.5] AndroidManifest.xml:25:13-36
243
244        <receiver
244-->[androidx.profileinstaller:profileinstaller:1.3.1] AndroidManifest.xml:34:9-52:20
245            android:name="androidx.profileinstaller.ProfileInstallReceiver"
245-->[androidx.profileinstaller:profileinstaller:1.3.1] AndroidManifest.xml:35:13-76
246            android:directBootAware="false"
246-->[androidx.profileinstaller:profileinstaller:1.3.1] AndroidManifest.xml:36:13-44
247            android:enabled="true"
247-->[androidx.profileinstaller:profileinstaller:1.3.1] AndroidManifest.xml:37:13-35
248            android:exported="true"
248-->[androidx.profileinstaller:profileinstaller:1.3.1] AndroidManifest.xml:38:13-36
249            android:permission="android.permission.DUMP" >
249-->[androidx.profileinstaller:profileinstaller:1.3.1] AndroidManifest.xml:39:13-57
250            <intent-filter>
250-->[androidx.profileinstaller:profileinstaller:1.3.1] AndroidManifest.xml:40:13-42:29
251                <action android:name="androidx.profileinstaller.action.INSTALL_PROFILE" />
251-->[androidx.profileinstaller:profileinstaller:1.3.1] AndroidManifest.xml:41:17-91
251-->[androidx.profileinstaller:profileinstaller:1.3.1] AndroidManifest.xml:41:25-88
252            </intent-filter>
253            <intent-filter>
253-->[androidx.profileinstaller:profileinstaller:1.3.1] AndroidManifest.xml:43:13-45:29
254                <action android:name="androidx.profileinstaller.action.SKIP_FILE" />
254-->[androidx.profileinstaller:profileinstaller:1.3.1] AndroidManifest.xml:44:17-85
254-->[androidx.profileinstaller:profileinstaller:1.3.1] AndroidManifest.xml:44:25-82
255            </intent-filter>
256            <intent-filter>
256-->[androidx.profileinstaller:profileinstaller:1.3.1] AndroidManifest.xml:46:13-48:29
257                <action android:name="androidx.profileinstaller.action.SAVE_PROFILE" />
257-->[androidx.profileinstaller:profileinstaller:1.3.1] AndroidManifest.xml:47:17-88
257-->[androidx.profileinstaller:profileinstaller:1.3.1] AndroidManifest.xml:47:25-85
258            </intent-filter>
259            <intent-filter>
259-->[androidx.profileinstaller:profileinstaller:1.3.1] AndroidManifest.xml:49:13-51:29
260                <action android:name="androidx.profileinstaller.action.BENCHMARK_OPERATION" />
260-->[androidx.profileinstaller:profileinstaller:1.3.1] AndroidManifest.xml:50:17-95
260-->[androidx.profileinstaller:profileinstaller:1.3.1] AndroidManifest.xml:50:25-92